<?xml version="1.0" encoding="UTF-8"?>
<robot generator="Robot 6.1.1 (Python 3.11.2 on darwin)" generated="20231120 18:35:16.254" rpa="false" schemaversion="4">
<suite id="s1" name="Tests" source="/Users/maija/ohtu2/palautusrepositorio/viikko3/login-robot/src/tests">
<suite id="s1-s1" name="Login" source="/Users/maija/ohtu2/palautusrepositorio/viikko3/login-robot/src/tests/login.robot">
<test id="s1-s1-t1" name="Login With Correct Credentials" line="6">
<kw name="Create User And Input Login Command" type="SETUP">
<kw name="Create User" library="AppLibrary">
<arg>kalle</arg>
<arg>kalle123</arg>
<status status="PASS" starttime="20231120 18:35:16.288" endtime="20231120 18:35:16.289"/>
</kw>
<kw name="Input Login Command" library="resource">
<kw name="Input" library="AppLibrary">
<arg>login</arg>
<status status="PASS" starttime="20231120 18:35:16.289" endtime="20231120 18:35:16.289"/>
</kw>
<status status="PASS" starttime="20231120 18:35:16.289" endtime="20231120 18:35:16.289"/>
</kw>
<status status="PASS" starttime="20231120 18:35:16.288" endtime="20231120 18:35:16.289"/>
</kw>
<kw name="Input Credentials" library="resource">
<arg>kalle</arg>
<arg>kalle123</arg>
<kw name="Input" library="AppLibrary">
<arg>${username}</arg>
<status status="PASS" starttime="20231120 18:35:16.290" endtime="20231120 18:35:16.290"/>
</kw>
<kw name="Input" library="AppLibrary">
<arg>${password}</arg>
<status status="PASS" starttime="20231120 18:35:16.290" endtime="20231120 18:35:16.290"/>
</kw>
<kw name="Run Application" library="AppLibrary">
<status status="PASS" starttime="20231120 18:35:16.290" endtime="20231120 18:35:16.291"/>
</kw>
<status status="PASS" starttime="20231120 18:35:16.289" endtime="20231120 18:35:16.291"/>
</kw>
<kw name="Output Should Contain" library="AppLibrary">
<arg>Logged in</arg>
<status status="PASS" starttime="20231120 18:35:16.291" endtime="20231120 18:35:16.291"/>
</kw>
<status status="PASS" starttime="20231120 18:35:16.288" endtime="20231120 18:35:16.291"/>
</test>
<test id="s1-s1-t2" name="Login With Incorrect Password" line="10">
<kw name="Create User And Input Login Command" type="SETUP">
<kw name="Create User" library="AppLibrary">
<arg>kalle</arg>
<arg>kalle123</arg>
<status status="PASS" starttime="20231120 18:35:16.292" endtime="20231120 18:35:16.292"/>
</kw>
<kw name="Input Login Command" library="resource">
<kw name="Input" library="AppLibrary">
<arg>login</arg>
<status status="PASS" starttime="20231120 18:35:16.293" endtime="20231120 18:35:16.293"/>
</kw>
<status status="PASS" starttime="20231120 18:35:16.292" endtime="20231120 18:35:16.293"/>
</kw>
<status status="PASS" starttime="20231120 18:35:16.292" endtime="20231120 18:35:16.293"/>
</kw>
<kw name="Input Credentials" library="resource">
<arg>kalle</arg>
<arg>kalle1111</arg>
<kw name="Input" library="AppLibrary">
<arg>${username}</arg>
<status status="PASS" starttime="20231120 18:35:16.293" endtime="20231120 18:35:16.294"/>
</kw>
<kw name="Input" library="AppLibrary">
<arg>${password}</arg>
<status status="PASS" starttime="20231120 18:35:16.294" endtime="20231120 18:35:16.294"/>
</kw>
<kw name="Run Application" library="AppLibrary">
<status status="PASS" starttime="20231120 18:35:16.294" endtime="20231120 18:35:16.294"/>
</kw>
<status status="PASS" starttime="20231120 18:35:16.293" endtime="20231120 18:35:16.294"/>
</kw>
<kw name="Output Should Contain" library="AppLibrary">
<arg>Invalid username or password</arg>
<status status="PASS" starttime="20231120 18:35:16.294" endtime="20231120 18:35:16.294"/>
</kw>
<status status="PASS" starttime="20231120 18:35:16.292" endtime="20231120 18:35:16.294"/>
</test>
<test id="s1-s1-t3" name="Login With Nonexistent Username" line="14">
<kw name="Create User And Input Login Command" type="SETUP">
<kw name="Create User" library="AppLibrary">
<arg>kalle</arg>
<arg>kalle123</arg>
<status status="PASS" starttime="20231120 18:35:16.295" endtime="20231120 18:35:16.295"/>
</kw>
<kw name="Input Login Command" library="resource">
<kw name="Input" library="AppLibrary">
<arg>login</arg>
<status status="PASS" starttime="20231120 18:35:16.296" endtime="20231120 18:35:16.296"/>
</kw>
<status status="PASS" starttime="20231120 18:35:16.296" endtime="20231120 18:35:16.296"/>
</kw>
<status status="PASS" starttime="20231120 18:35:16.295" endtime="20231120 18:35:16.296"/>
</kw>
<kw name="Input Credentials" library="resource">
<arg>kalleee</arg>
<arg>kalle123</arg>
<kw name="Input" library="AppLibrary">
<arg>${username}</arg>
<status status="PASS" starttime="20231120 18:35:16.296" endtime="20231120 18:35:16.296"/>
</kw>
<kw name="Input" library="AppLibrary">
<arg>${password}</arg>
<status status="PASS" starttime="20231120 18:35:16.297" endtime="20231120 18:35:16.297"/>
</kw>
<kw name="Run Application" library="AppLibrary">
<status status="PASS" starttime="20231120 18:35:16.297" endtime="20231120 18:35:16.297"/>
</kw>
<status status="PASS" starttime="20231120 18:35:16.296" endtime="20231120 18:35:16.297"/>
</kw>
<kw name="Output Should Contain" library="AppLibrary">
<arg>Invalid username or password</arg>
<status status="PASS" starttime="20231120 18:35:16.297" endtime="20231120 18:35:16.297"/>
</kw>
<status status="PASS" starttime="20231120 18:35:16.295" endtime="20231120 18:35:16.297"/>
</test>
<status status="PASS" starttime="20231120 18:35:16.281" endtime="20231120 18:35:16.298"/>
</suite>
<suite id="s1-s2" name="Register" source="/Users/maija/ohtu2/palautusrepositorio/viikko3/login-robot/src/tests/register.robot">
<test id="s1-s2-t1" name="Register With Valid Username And Password" line="6">
<kw name="Input New Command And Create User" type="SETUP">
<kw name="Input New Command" library="resource">
<kw name="Input" library="AppLibrary">
<arg>new</arg>
<status status="PASS" starttime="20231120 18:35:16.301" endtime="20231120 18:35:16.302"/>
</kw>
<status status="PASS" starttime="20231120 18:35:16.301" endtime="20231120 18:35:16.302"/>
</kw>
<kw name="Create User" library="AppLibrary">
<arg>kalle</arg>
<arg>kalle123</arg>
<status status="PASS" starttime="20231120 18:35:16.302" endtime="20231120 18:35:16.302"/>
</kw>
<status status="PASS" starttime="20231120 18:35:16.301" endtime="20231120 18:35:16.302"/>
</kw>
<kw name="Input Credentials" library="resource">
<arg>kissa</arg>
<arg>omenaaa12</arg>
<kw name="Input" library="AppLibrary">
<arg>${username}</arg>
<status status="PASS" starttime="20231120 18:35:16.302" endtime="20231120 18:35:16.302"/>
</kw>
<kw name="Input" library="AppLibrary">
<arg>${password}</arg>
<status status="PASS" starttime="20231120 18:35:16.303" endtime="20231120 18:35:16.303"/>
</kw>
<kw name="Run Application" library="AppLibrary">
<status status="PASS" starttime="20231120 18:35:16.303" endtime="20231120 18:35:16.303"/>
</kw>
<status status="PASS" starttime="20231120 18:35:16.302" endtime="20231120 18:35:16.303"/>
</kw>
<kw name="Output Should Contain" library="AppLibrary">
<arg>New user registered</arg>
<status status="PASS" starttime="20231120 18:35:16.303" endtime="20231120 18:35:16.303"/>
</kw>
<status status="PASS" starttime="20231120 18:35:16.301" endtime="20231120 18:35:16.304"/>
</test>
<test id="s1-s2-t2" name="Register With Already Taken Username And Valid Password" line="10">
<kw name="Input New Command And Create User" type="SETUP">
<kw name="Input New Command" library="resource">
<kw name="Input" library="AppLibrary">
<arg>new</arg>
<status status="PASS" starttime="20231120 18:35:16.305" endtime="20231120 18:35:16.305"/>
</kw>
<status status="PASS" starttime="20231120 18:35:16.305" endtime="20231120 18:35:16.305"/>
</kw>
<kw name="Create User" library="AppLibrary">
<arg>kalle</arg>
<arg>kalle123</arg>
<status status="PASS" starttime="20231120 18:35:16.305" endtime="20231120 18:35:16.305"/>
</kw>
<status status="PASS" starttime="20231120 18:35:16.304" endtime="20231120 18:35:16.305"/>
</kw>
<kw name="Input Credentials" library="resource">
<arg>kalle</arg>
<arg>kalle123</arg>
<kw name="Input" library="AppLibrary">
<arg>${username}</arg>
<status status="PASS" starttime="20231120 18:35:16.306" endtime="20231120 18:35:16.306"/>
</kw>
<kw name="Input" library="AppLibrary">
<arg>${password}</arg>
<status status="PASS" starttime="20231120 18:35:16.306" endtime="20231120 18:35:16.306"/>
</kw>
<kw name="Run Application" library="AppLibrary">
<status status="PASS" starttime="20231120 18:35:16.306" endtime="20231120 18:35:16.306"/>
</kw>
<status status="PASS" starttime="20231120 18:35:16.306" endtime="20231120 18:35:16.306"/>
</kw>
<kw name="Output Should Contain" library="AppLibrary">
<arg>Username already exists</arg>
<status status="PASS" starttime="20231120 18:35:16.307" endtime="20231120 18:35:16.307"/>
</kw>
<status status="PASS" starttime="20231120 18:35:16.304" endtime="20231120 18:35:16.307"/>
</test>
<test id="s1-s2-t3" name="Register With Too Short Username And Valid Password" line="15">
<kw name="Input New Command And Create User" type="SETUP">
<kw name="Input New Command" library="resource">
<kw name="Input" library="AppLibrary">
<arg>new</arg>
<status status="PASS" starttime="20231120 18:35:16.308" endtime="20231120 18:35:16.308"/>
</kw>
<status status="PASS" starttime="20231120 18:35:16.308" endtime="20231120 18:35:16.308"/>
</kw>
<kw name="Create User" library="AppLibrary">
<arg>kalle</arg>
<arg>kalle123</arg>
<status status="PASS" starttime="20231120 18:35:16.308" endtime="20231120 18:35:16.308"/>
</kw>
<status status="PASS" starttime="20231120 18:35:16.308" endtime="20231120 18:35:16.308"/>
</kw>
<kw name="Input Credentials" library="resource">
<arg>ka</arg>
<arg>kalle123</arg>
<kw name="Input" library="AppLibrary">
<arg>${username}</arg>
<status status="PASS" starttime="20231120 18:35:16.309" endtime="20231120 18:35:16.309"/>
</kw>
<kw name="Input" library="AppLibrary">
<arg>${password}</arg>
<status status="PASS" starttime="20231120 18:35:16.309" endtime="20231120 18:35:16.309"/>
</kw>
<kw name="Run Application" library="AppLibrary">
<status status="PASS" starttime="20231120 18:35:16.309" endtime="20231120 18:35:16.309"/>
</kw>
<status status="PASS" starttime="20231120 18:35:16.309" endtime="20231120 18:35:16.309"/>
</kw>
<kw name="Output Should Contain" library="AppLibrary">
<arg>Username is too short</arg>
<status status="PASS" starttime="20231120 18:35:16.310" endtime="20231120 18:35:16.310"/>
</kw>
<status status="PASS" starttime="20231120 18:35:16.307" endtime="20231120 18:35:16.310"/>
</test>
<test id="s1-s2-t4" name="Register With Enough Long But Invalid Username And Valid Password" line="19">
<kw name="Input New Command And Create User" type="SETUP">
<kw name="Input New Command" library="resource">
<kw name="Input" library="AppLibrary">
<arg>new</arg>
<status status="PASS" starttime="20231120 18:35:16.311" endtime="20231120 18:35:16.311"/>
</kw>
<status status="PASS" starttime="20231120 18:35:16.311" endtime="20231120 18:35:16.311"/>
</kw>
<kw name="Create User" library="AppLibrary">
<arg>kalle</arg>
<arg>kalle123</arg>
<status status="PASS" starttime="20231120 18:35:16.311" endtime="20231120 18:35:16.311"/>
</kw>
<status status="PASS" starttime="20231120 18:35:16.311" endtime="20231120 18:35:16.311"/>
</kw>
<kw name="Input Credentials" library="resource">
<arg>öööö</arg>
<arg>kalle123</arg>
<kw name="Input" library="AppLibrary">
<arg>${username}</arg>
<status status="PASS" starttime="20231120 18:35:16.312" endtime="20231120 18:35:16.312"/>
</kw>
<kw name="Input" library="AppLibrary">
<arg>${password}</arg>
<status status="PASS" starttime="20231120 18:35:16.312" endtime="20231120 18:35:16.312"/>
</kw>
<kw name="Run Application" library="AppLibrary">
<status status="PASS" starttime="20231120 18:35:16.312" endtime="20231120 18:35:16.312"/>
</kw>
<status status="PASS" starttime="20231120 18:35:16.311" endtime="20231120 18:35:16.312"/>
</kw>
<kw name="Output Should Contain" library="AppLibrary">
<arg>Username is Invalid</arg>
<status status="PASS" starttime="20231120 18:35:16.312" endtime="20231120 18:35:16.313"/>
</kw>
<status status="PASS" starttime="20231120 18:35:16.310" endtime="20231120 18:35:16.313"/>
</test>
<test id="s1-s2-t5" name="Register With Valid Username And Too Short Password" line="23">
<kw name="Input New Command And Create User" type="SETUP">
<kw name="Input New Command" library="resource">
<kw name="Input" library="AppLibrary">
<arg>new</arg>
<status status="PASS" starttime="20231120 18:35:16.314" endtime="20231120 18:35:16.314"/>
</kw>
<status status="PASS" starttime="20231120 18:35:16.314" endtime="20231120 18:35:16.314"/>
</kw>
<kw name="Create User" library="AppLibrary">
<arg>kalle</arg>
<arg>kalle123</arg>
<status status="PASS" starttime="20231120 18:35:16.314" endtime="20231120 18:35:16.314"/>
</kw>
<status status="PASS" starttime="20231120 18:35:16.313" endtime="20231120 18:35:16.314"/>
</kw>
<kw name="Input Credentials" library="resource">
<arg>koira</arg>
<arg>ooo</arg>
<kw name="Input" library="AppLibrary">
<arg>${username}</arg>
<status status="PASS" starttime="20231120 18:35:16.315" endtime="20231120 18:35:16.315"/>
</kw>
<kw name="Input" library="AppLibrary">
<arg>${password}</arg>
<status status="PASS" starttime="20231120 18:35:16.315" endtime="20231120 18:35:16.315"/>
</kw>
<kw name="Run Application" library="AppLibrary">
<status status="PASS" starttime="20231120 18:35:16.315" endtime="20231120 18:35:16.315"/>
</kw>
<status status="PASS" starttime="20231120 18:35:16.314" endtime="20231120 18:35:16.315"/>
</kw>
<kw name="Output Should Contain" library="AppLibrary">
<arg>Password is too short</arg>
<status status="PASS" starttime="20231120 18:35:16.315" endtime="20231120 18:35:16.315"/>
</kw>
<status status="PASS" starttime="20231120 18:35:16.313" endtime="20231120 18:35:16.316"/>
</test>
<test id="s1-s2-t6" name="Register With Valid Username And Long Enough Password Containing Only Letters" line="27">
<kw name="Input New Command And Create User" type="SETUP">
<kw name="Input New Command" library="resource">
<kw name="Input" library="AppLibrary">
<arg>new</arg>
<status status="PASS" starttime="20231120 18:35:16.318" endtime="20231120 18:35:16.318"/>
</kw>
<status status="PASS" starttime="20231120 18:35:16.318" endtime="20231120 18:35:16.318"/>
</kw>
<kw name="Create User" library="AppLibrary">
<arg>kalle</arg>
<arg>kalle123</arg>
<status status="PASS" starttime="20231120 18:35:16.318" endtime="20231120 18:35:16.319"/>
</kw>
<status status="PASS" starttime="20231120 18:35:16.317" endtime="20231120 18:35:16.319"/>
</kw>
<kw name="Input Credentials" library="resource">
<arg>koira</arg>
<arg>oooooooo</arg>
<kw name="Input" library="AppLibrary">
<arg>${username}</arg>
<status status="PASS" starttime="20231120 18:35:16.320" endtime="20231120 18:35:16.320"/>
</kw>
<kw name="Input" library="AppLibrary">
<arg>${password}</arg>
<status status="PASS" starttime="20231120 18:35:16.320" endtime="20231120 18:35:16.320"/>
</kw>
<kw name="Run Application" library="AppLibrary">
<status status="PASS" starttime="20231120 18:35:16.320" endtime="20231120 18:35:16.321"/>
</kw>
<status status="PASS" starttime="20231120 18:35:16.319" endtime="20231120 18:35:16.321"/>
</kw>
<kw name="Output Should Contain" library="AppLibrary">
<arg>Password is cannot contain only letters</arg>
<status status="PASS" starttime="20231120 18:35:16.321" endtime="20231120 18:35:16.321"/>
</kw>
<status status="PASS" starttime="20231120 18:35:16.316" endtime="20231120 18:35:16.321"/>
</test>
<status status="PASS" starttime="20231120 18:35:16.299" endtime="20231120 18:35:16.322"/>
</suite>
<status status="PASS" starttime="20231120 18:35:16.258" endtime="20231120 18:35:16.323"/>
</suite>
<statistics>
<total>
<stat pass="9" fail="0" skip="0">All Tests</stat>
</total>
<tag>
</tag>
<suite>
<stat pass="9" fail="0" skip="0" id="s1" name="Tests">Tests</stat>
<stat pass="3" fail="0" skip="0" id="s1-s1" name="Login">Tests.Login</stat>
<stat pass="6" fail="0" skip="0" id="s1-s2" name="Register">Tests.Register</stat>
</suite>
</statistics>
<errors>
</errors>
</robot>
