<?xml version="1.0" encoding="UTF-8"?>
<robot generator="Robot 6.1.1 (Python 3.11.2 on darwin)" generated="20231120 15:45:32.947" rpa="false" schemaversion="4">
<suite id="s1" name="Tests" source="/Users/maija/ohtu2/palautusrepositorio/viikko3/login-robot/src/tests">
<suite id="s1-s1" name="Login" source="/Users/maija/ohtu2/palautusrepositorio/viikko3/login-robot/src/tests/login.robot">
<test id="s1-s1-t1" name="Login With Correct Credentials" line="6">
<kw name="Create User And Input Login Command" type="SETUP">
<kw name="Create User" library="AppLibrary">
<arg>kalle</arg>
<arg>kalle123</arg>
<status status="PASS" starttime="20231120 15:45:32.988" endtime="20231120 15:45:32.988"/>
</kw>
<kw name="Input Login Command" library="resource">
<kw name="Input" library="AppLibrary">
<arg>login</arg>
<status status="PASS" starttime="20231120 15:45:32.988" endtime="20231120 15:45:32.988"/>
</kw>
<status status="PASS" starttime="20231120 15:45:32.988" endtime="20231120 15:45:32.989"/>
</kw>
<status status="PASS" starttime="20231120 15:45:32.988" endtime="20231120 15:45:32.989"/>
</kw>
<kw name="Input Credentials" library="resource">
<arg>kalle</arg>
<arg>kalle123</arg>
<kw name="Input" library="AppLibrary">
<arg>${username}</arg>
<status status="PASS" starttime="20231120 15:45:32.989" endtime="20231120 15:45:32.989"/>
</kw>
<kw name="Input" library="AppLibrary">
<arg>${password}</arg>
<status status="PASS" starttime="20231120 15:45:32.989" endtime="20231120 15:45:32.990"/>
</kw>
<kw name="Run Application" library="AppLibrary">
<status status="PASS" starttime="20231120 15:45:32.990" endtime="20231120 15:45:32.990"/>
</kw>
<status status="PASS" starttime="20231120 15:45:32.989" endtime="20231120 15:45:32.990"/>
</kw>
<kw name="Output Should Contain" library="AppLibrary">
<arg>Logged in</arg>
<status status="PASS" starttime="20231120 15:45:32.990" endtime="20231120 15:45:32.990"/>
</kw>
<status status="PASS" starttime="20231120 15:45:32.987" endtime="20231120 15:45:32.990"/>
</test>
<test id="s1-s1-t2" name="Login With Incorrect Password" line="10">
<kw name="Create User And Input Login Command" type="SETUP">
<kw name="Create User" library="AppLibrary">
<arg>kalle</arg>
<arg>kalle123</arg>
<status status="PASS" starttime="20231120 15:45:32.991" endtime="20231120 15:45:32.991"/>
</kw>
<kw name="Input Login Command" library="resource">
<kw name="Input" library="AppLibrary">
<arg>login</arg>
<status status="PASS" starttime="20231120 15:45:32.992" endtime="20231120 15:45:32.992"/>
</kw>
<status status="PASS" starttime="20231120 15:45:32.991" endtime="20231120 15:45:32.992"/>
</kw>
<status status="PASS" starttime="20231120 15:45:32.991" endtime="20231120 15:45:32.992"/>
</kw>
<kw name="Input Credentials" library="resource">
<arg>kalle</arg>
<arg>kalle1111</arg>
<kw name="Input" library="AppLibrary">
<arg>${username}</arg>
<status status="PASS" starttime="20231120 15:45:32.992" endtime="20231120 15:45:32.992"/>
</kw>
<kw name="Input" library="AppLibrary">
<arg>${password}</arg>
<status status="PASS" starttime="20231120 15:45:32.992" endtime="20231120 15:45:32.993"/>
</kw>
<kw name="Run Application" library="AppLibrary">
<status status="PASS" starttime="20231120 15:45:32.993" endtime="20231120 15:45:32.993"/>
</kw>
<status status="PASS" starttime="20231120 15:45:32.992" endtime="20231120 15:45:32.993"/>
</kw>
<kw name="Output Should Contain" library="AppLibrary">
<arg>Invalid username or password</arg>
<status status="PASS" starttime="20231120 15:45:32.993" endtime="20231120 15:45:32.993"/>
</kw>
<status status="PASS" starttime="20231120 15:45:32.991" endtime="20231120 15:45:32.993"/>
</test>
<test id="s1-s1-t3" name="Login With Nonexistent Username" line="14">
<kw name="Create User And Input Login Command" type="SETUP">
<kw name="Create User" library="AppLibrary">
<arg>kalle</arg>
<arg>kalle123</arg>
<status status="PASS" starttime="20231120 15:45:32.994" endtime="20231120 15:45:32.995"/>
</kw>
<kw name="Input Login Command" library="resource">
<kw name="Input" library="AppLibrary">
<arg>login</arg>
<status status="PASS" starttime="20231120 15:45:32.995" endtime="20231120 15:45:32.995"/>
</kw>
<status status="PASS" starttime="20231120 15:45:32.995" endtime="20231120 15:45:32.995"/>
</kw>
<status status="PASS" starttime="20231120 15:45:32.994" endtime="20231120 15:45:32.995"/>
</kw>
<kw name="Input Credentials" library="resource">
<arg>kalleee</arg>
<arg>kalle123</arg>
<kw name="Input" library="AppLibrary">
<arg>${username}</arg>
<status status="PASS" starttime="20231120 15:45:32.995" endtime="20231120 15:45:32.996"/>
</kw>
<kw name="Input" library="AppLibrary">
<arg>${password}</arg>
<status status="PASS" starttime="20231120 15:45:32.996" endtime="20231120 15:45:32.996"/>
</kw>
<kw name="Run Application" library="AppLibrary">
<status status="PASS" starttime="20231120 15:45:32.996" endtime="20231120 15:45:32.996"/>
</kw>
<status status="PASS" starttime="20231120 15:45:32.995" endtime="20231120 15:45:32.996"/>
</kw>
<kw name="Output Should Contain" library="AppLibrary">
<arg>Invalid username or password</arg>
<status status="PASS" starttime="20231120 15:45:32.996" endtime="20231120 15:45:32.996"/>
</kw>
<status status="PASS" starttime="20231120 15:45:32.994" endtime="20231120 15:45:32.997"/>
</test>
<status status="PASS" starttime="20231120 15:45:32.981" endtime="20231120 15:45:32.997"/>
</suite>
<status status="PASS" starttime="20231120 15:45:32.950" endtime="20231120 15:45:32.998"/>
</suite>
<statistics>
<total>
<stat pass="3" fail="0" skip="0">All Tests</stat>
</total>
<tag>
</tag>
<suite>
<stat pass="3" fail="0" skip="0" id="s1" name="Tests">Tests</stat>
<stat pass="3" fail="0" skip="0" id="s1-s1" name="Login">Tests.Login</stat>
</suite>
</statistics>
<errors>
</errors>
</robot>
